{
"/Users/ikivik/Desktop/pro/angular2_wp/src/app/app.component.test.ts":{"path":"/Users/ikivik/Desktop/pro/angular2_wp/src/app/app.component.test.ts","statementMap":{"0":{"start":{"line":2,"column":0},"end":{"line":2,"column":62}},"1":{"start":{"line":3,"column":16},"end":{"line":3,"column":48}},"2":{"start":{"line":4,"column":15},"end":{"line":4,"column":41}},"3":{"start":{"line":5,"column":16},"end":{"line":5,"column":50}},"4":{"start":{"line":6,"column":24},"end":{"line":6,"column":59}},"5":{"start":{"line":7,"column":22},"end":{"line":7,"column":48}},"6":{"start":{"line":8,"column":0},"end":{"line":22,"column":3}},"7":{"start":{"line":10,"column":4},"end":{"line":16,"column":7}},"8":{"start":{"line":11,"column":8},"end":{"line":15,"column":11}},"9":{"start":{"line":17,"column":4},"end":{"line":21,"column":7}}},"fnMap":{"0":{"name":"(anonymous_0)","decl":{"start":{"line":8,"column":16},"end":{"line":8,"column":17}},"loc":{"start":{"line":8,"column":28},"end":{"line":22,"column":1}},"line":8},"1":{"name":"(anonymous_1)","decl":{"start":{"line":10,"column":15},"end":{"line":10,"column":16}},"loc":{"start":{"line":10,"column":27},"end":{"line":16,"column":5}},"line":10},"2":{"name":"(anonymous_2)","decl":{"start":{"line":17,"column":29},"end":{"line":17,"column":30}},"loc":{"start":{"line":17,"column":41},"end":{"line":21,"column":5}},"line":17}},"branchMap":{},"s":{"0":1,"1":1,"2":1,"3":1,"4":1,"5":1,"6":1,"7":1,"8":1,"9":1},"f":{"0":1,"1":1,"2":1},"b":{},"inputSourceMap":{"version":3,"file":"app.component.test.js","sourceRoot":"","sources":["app.component.test.ts"],"names":[],"mappings":";;AAAA,iDAAgD;AAChD,0CAAgD;AAChD,mDAA8D;AAE9D,4DAA0D;AAC1D,iDAA+C;AAE/C,QAAQ,CAAC,KAAK,EAAE;IACd,kEAAkE;IAClE,UAAU,CAAC;QACT,iBAAO,CAAC,sBAAsB,CAAC;YAC7B,OAAO,EAAE,CAAC,6BAAmB,CAAC;YAC9B,YAAY,EAAE,CAAC,4BAAY,CAAC;YAC5B,SAAS,EAAE,CAAC,gCAAc,EAAE,sBAAa,CAAC,EAAE,CAAC,CAAC;SAC/C,CAAC,CAAC;IACL,CAAC,CAAC,CAAC;IAEH,EAAE,CAAC,oBAAoB,EAAE;QACvB,uDAAuD;QACvD,2BAA2B;QAC3B,6GAA6G;IAC/G,CAAC,CAAC,CAAC;AAEL,CAAC,CAAC,CAAC"},"_coverageSchema":"332fd63041d2c1bcb487cc26dd0d5f7d97098a6c","hash":"b5347719fb7f0ff4e73be12234ee2e1ecb733e60","l":{"2":1,"3":1,"4":1,"5":1,"6":1,"7":1,"8":1,"10":1,"11":1,"17":1}},
"/Users/ikivik/Desktop/pro/angular2_wp/src/app/shared/httpget.service.ts":{"path":"/Users/ikivik/Desktop/pro/angular2_wp/src/app/shared/httpget.service.ts","statementMap":{"0":{"start":{"line":2,"column":0},"end":{"line":2,"column":62}},"1":{"start":{"line":3,"column":13},"end":{"line":3,"column":37}},"2":{"start":{"line":4,"column":13},"end":{"line":4,"column":37}},"3":{"start":{"line":5,"column":0},"end":{"line":5,"column":33}},"4":{"start":{"line":6,"column":36},"end":{"line":29,"column":3}},"5":{"start":{"line":8,"column":8},"end":{"line":8,"column":25}},"6":{"start":{"line":10,"column":4},"end":{"line":23,"column":6}},"7":{"start":{"line":11,"column":8},"end":{"line":11,"column":63}},"8":{"start":{"line":11,"column":39},"end":{"line":11,"column":61}},"9":{"start":{"line":12,"column":8},"end":{"line":22,"column":9}},"10":{"start":{"line":13,"column":28},"end":{"line":13,"column":34}},"11":{"start":{"line":14,"column":12},"end":{"line":16,"column":13}},"12":{"start":{"line":15,"column":16},"end":{"line":15,"column":53}},"13":{"start":{"line":17,"column":12},"end":{"line":19,"column":13}},"14":{"start":{"line":18,"column":16},"end":{"line":18,"column":58}},"15":{"start":{"line":20,"column":12},"end":{"line":21,"column":70}},"16":{"start":{"line":21,"column":43},"end":{"line":21,"column":66}},"17":{"start":{"line":24,"column":4},"end":{"line":27,"column":23}},"18":{"start":{"line":28,"column":4},"end":{"line":28,"column":26}},"19":{"start":{"line":30,"column":0},"end":{"line":30,"column":40}}},"fnMap":{"0":{"name":"(anonymous_0)","decl":{"start":{"line":6,"column":36},"end":{"line":6,"column":37}},"loc":{"start":{"line":6,"column":48},"end":{"line":29,"column":1}},"line":6},"1":{"name":"HttpgetService","decl":{"start":{"line":7,"column":13},"end":{"line":7,"column":27}},"loc":{"start":{"line":7,"column":34},"end":{"line":9,"column":5}},"line":7},"2":{"name":"(anonymous_2)","decl":{"start":{"line":10,"column":42},"end":{"line":10,"column":43}},"loc":{"start":{"line":10,"column":66},"end":{"line":23,"column":5}},"line":10},"3":{"name":"(anonymous_3)","decl":{"start":{"line":21,"column":21},"end":{"line":21,"column":22}},"loc":{"start":{"line":21,"column":41},"end":{"line":21,"column":68}},"line":21}},"branchMap":{"0":{"loc":{"start":{"line":11,"column":8},"end":{"line":11,"column":63}},"type":"if","locations":[{"start":{"line":11,"column":8},"end":{"line":11,"column":63}},{"start":{"line":11,"column":8},"end":{"line":11,"column":63}}],"line":11},"1":{"loc":{"start":{"line":12,"column":8},"end":{"line":22,"column":9}},"type":"if","locations":[{"start":{"line":12,"column":8},"end":{"line":22,"column":9}},{"start":{"line":12,"column":8},"end":{"line":22,"column":9}}],"line":12},"2":{"loc":{"start":{"line":14,"column":12},"end":{"line":16,"column":13}},"type":"if","locations":[{"start":{"line":14,"column":12},"end":{"line":16,"column":13}},{"start":{"line":14,"column":12},"end":{"line":16,"column":13}}],"line":14},"3":{"loc":{"start":{"line":14,"column":16},"end":{"line":14,"column":136}},"type":"binary-expr","locations":[{"start":{"line":14,"column":17},"end":{"line":14,"column":40}},{"start":{"line":14,"column":46},"end":{"line":14,"column":76}},{"start":{"line":14,"column":82},"end":{"line":14,"column":105}},{"start":{"line":14,"column":111},"end":{"line":14,"column":135}}],"line":14},"4":{"loc":{"start":{"line":17,"column":12},"end":{"line":19,"column":13}},"type":"if","locations":[{"start":{"line":17,"column":12},"end":{"line":19,"column":13}},{"start":{"line":17,"column":12},"end":{"line":19,"column":13}}],"line":17},"5":{"loc":{"start":{"line":17,"column":16},"end":{"line":17,"column":105}},"type":"binary-expr","locations":[{"start":{"line":17,"column":17},"end":{"line":17,"column":42}},{"start":{"line":17,"column":48},"end":{"line":17,"column":72}},{"start":{"line":17,"column":78},"end":{"line":17,"column":104}}],"line":17}},"s":{"0":1,"1":1,"2":1,"3":1,"4":1,"5":0,"6":1,"7":0,"8":0,"9":0,"10":0,"11":0,"12":0,"13":0,"14":0,"15":0,"16":0,"17":1,"18":1,"19":1},"f":{"0":1,"1":0,"2":0,"3":0},"b":{"0":[0,0],"1":[0,0],"2":[0,0],"3":[0,0,0,0],"4":[0,0],"5":[0,0,0]},"inputSourceMap":{"version":3,"file":"httpget.service.js","sourceRoot":"","sources":["httpget.service.ts"],"names":[],"mappings":";;AAAA,sCAA2C;AAC3C,sCAAqC;AACrC,iCAA+B;AAI/B;IAEA,wBAAoB,IAAU;QAAV,SAAI,GAAJ,IAAI,CAAM;IAAG,CAAC;IAE9B,mCAAU,GAAV,UAAW,YAA6B;QAA7B,6BAAA,EAAA,qBAA6B;QAEpC,EAAE,CAAC,CAAC,YAAY,KAAK,SAAS,CAAC,CAAC,CAAC;YAEjC,IAAI,SAAS,SAAQ,CAAC;YAEtB,EAAE,CAAC,CAAC,CAAC,YAAY,KAAK,MAAM,CAAC,IAAI,CAAC,YAAY,KAAK,aAAa,CAAC,IAAI,CAAC,YAAY,KAAK,MAAM,CAAC,IAAI,CAAC,YAAY,KAAK,OAAO,CAAC,CAAC,CAAC,CAAC;gBACvH,SAAS,GAAG,wBAAwB,CAAC;YAC7C,CAAC;YACD,EAAE,CAAC,CAAC,CAAC,YAAY,KAAK,QAAQ,CAAC,IAAI,CAAC,YAAY,KAAK,OAAO,CAAC,IAAI,CAAC,YAAY,KAAK,SAAS,CAAC,CAAC,CAAC,CAAC;gBACxF,SAAS,GAAG,6BAA6B,CAAC;YAClD,CAAC;YAED,MAAM,CAAC,IAAI,CAAC,IAAI,CAAC,GAAG,CAAC,gEAA8D,SAAS,GAAG,YAAc,CAAC;iBACrG,GAAG,CAAC,UAAC,QAAQ,IAAK,OAAA,QAAQ,CAAC,IAAI,EAAE,EAAf,CAAe,CAAC,CAAC;QAE5C,CAAC;IAEL,CAAC;IAtBQ,cAAc;QAF1B,iBAAU,EAAE;yCAIa,WAAI;OAFjB,cAAc,CAuB1B;IAAD,qBAAC;CAAA,AAvBD,IAuBC;AAvBY,wCAAc"},"_coverageSchema":"332fd63041d2c1bcb487cc26dd0d5f7d97098a6c","hash":"5afb48ec836d5461153a01562e125cceb1a051f6","l":{"2":1,"3":1,"4":1,"5":1,"6":1,"8":0,"10":1,"11":0,"12":0,"13":0,"14":0,"15":0,"17":0,"18":0,"20":0,"21":0,"24":1,"28":1,"30":1}},
"/Users/ikivik/Desktop/pro/angular2_wp/src/app/app.component.ts":{"path":"/Users/ikivik/Desktop/pro/angular2_wp/src/app/app.component.ts","statementMap":{"0":{"start":{"line":2,"column":0},"end":{"line":2,"column":62}},"1":{"start":{"line":3,"column":13},"end":{"line":3,"column":37}},"2":{"start":{"line":4,"column":15},"end":{"line":4,"column":41}},"3":{"start":{"line":5,"column":19},"end":{"line":5,"column":45}},"4":{"start":{"line":6,"column":14},"end":{"line":6,"column":45}},"5":{"start":{"line":7,"column":14},"end":{"line":7,"column":42}},"6":{"start":{"line":8,"column":21},"end":{"line":8,"column":55}},"7":{"start":{"line":9,"column":14},"end":{"line":9,"column":33}},"8":{"start":{"line":10,"column":22},"end":{"line":10,"column":55}},"9":{"start":{"line":12,"column":25},"end":{"line":12,"column":61}},"10":{"start":{"line":13,"column":0},"end":{"line":13,"column":31}},"11":{"start":{"line":14,"column":34},"end":{"line":66,"column":3}},"12":{"start":{"line":16,"column":8},"end":{"line":16,"column":31}},"13":{"start":{"line":17,"column":8},"end":{"line":17,"column":31}},"14":{"start":{"line":18,"column":8},"end":{"line":18,"column":31}},"15":{"start":{"line":19,"column":8},"end":{"line":19,"column":53}},"16":{"start":{"line":20,"column":8},"end":{"line":20,"column":38}},"17":{"start":{"line":21,"column":8},"end":{"line":21,"column":34}},"18":{"start":{"line":22,"column":25},"end":{"line":22,"column":27}},"19":{"start":{"line":23,"column":8},"end":{"line":23,"column":109}},"20":{"start":{"line":25,"column":4},"end":{"line":40,"column":6}},"21":{"start":{"line":26,"column":20},"end":{"line":26,"column":24}},"22":{"start":{"line":27,"column":8},"end":{"line":30,"column":11}},"23":{"start":{"line":28,"column":12},"end":{"line":28,"column":91}},"24":{"start":{"line":29,"column":12},"end":{"line":29,"column":79}},"25":{"start":{"line":31,"column":8},"end":{"line":31,"column":139}},"26":{"start":{"line":31,"column":92},"end":{"line":31,"column":135}},"27":{"start":{"line":32,"column":8},"end":{"line":35,"column":11}},"28":{"start":{"line":33,"column":12},"end":{"line":33,"column":42}},"29":{"start":{"line":34,"column":12},"end":{"line":34,"column":53}},"30":{"start":{"line":36,"column":8},"end":{"line":39,"column":11}},"31":{"start":{"line":37,"column":12},"end":{"line":37,"column":43}},"32":{"start":{"line":38,"column":12},"end":{"line":38,"column":53}},"33":{"start":{"line":41,"column":4},"end":{"line":44,"column":52}},"34":{"start":{"line":45,"column":4},"end":{"line":48,"column":56}},"35":{"start":{"line":49,"column":4},"end":{"line":52,"column":49}},"36":{"start":{"line":53,"column":4},"end":{"line":64,"column":21}},"37":{"start":{"line":65,"column":4},"end":{"line":65,"column":24}},"38":{"start":{"line":67,"column":0},"end":{"line":67,"column":36}}},"fnMap":{"0":{"name":"(anonymous_0)","decl":{"start":{"line":14,"column":34},"end":{"line":14,"column":35}},"loc":{"start":{"line":14,"column":46},"end":{"line":66,"column":1}},"line":14},"1":{"name":"AppComponent","decl":{"start":{"line":15,"column":13},"end":{"line":15,"column":25}},"loc":{"start":{"line":15,"column":73},"end":{"line":24,"column":5}},"line":15},"2":{"name":"(anonymous_2)","decl":{"start":{"line":25,"column":38},"end":{"line":25,"column":39}},"loc":{"start":{"line":25,"column":50},"end":{"line":40,"column":5}},"line":25},"3":{"name":"(anonymous_3)","decl":{"start":{"line":27,"column":63},"end":{"line":27,"column":64}},"loc":{"start":{"line":27,"column":75},"end":{"line":30,"column":9}},"line":27},"4":{"name":"(anonymous_4)","decl":{"start":{"line":31,"column":70},"end":{"line":31,"column":71}},"loc":{"start":{"line":31,"column":90},"end":{"line":31,"column":137}},"line":31},"5":{"name":"(anonymous_5)","decl":{"start":{"line":32,"column":58},"end":{"line":32,"column":59}},"loc":{"start":{"line":32,"column":78},"end":{"line":35,"column":9}},"line":32},"6":{"name":"(anonymous_6)","decl":{"start":{"line":36,"column":67},"end":{"line":36,"column":68}},"loc":{"start":{"line":36,"column":87},"end":{"line":39,"column":9}},"line":36}},"branchMap":{"0":{"loc":{"start":{"line":28,"column":34},"end":{"line":28,"column":90}},"type":"cond-expr","locations":[{"start":{"line":28,"column":78},"end":{"line":28,"column":82}},{"start":{"line":28,"column":85},"end":{"line":28,"column":90}}],"line":28},"1":{"loc":{"start":{"line":29,"column":36},"end":{"line":29,"column":78}},"type":"cond-expr","locations":[{"start":{"line":29,"column":66},"end":{"line":29,"column":71}},{"start":{"line":29,"column":74},"end":{"line":29,"column":78}}],"line":29}},"s":{"0":1,"1":1,"2":1,"3":1,"4":1,"5":1,"6":1,"7":1,"8":1,"9":1,"10":1,"11":1,"12":0,"13":0,"14":0,"15":0,"16":0,"17":0,"18":0,"19":0,"20":1,"21":0,"22":0,"23":0,"24":0,"25":0,"26":0,"27":0,"28":0,"29":0,"30":0,"31":0,"32":0,"33":1,"34":1,"35":1,"36":1,"37":1,"38":1},"f":{"0":1,"1":0,"2":0,"3":0,"4":0,"5":0,"6":0},"b":{"0":[0,0],"1":[0,0]},"inputSourceMap":{"version":3,"file":"app.component.js","sourceRoot":"","sources":["app.component.ts"],"names":[],"mappings":";;AAAA,sCAAqE;AACrE,0CAAyC;AAGzC,8CAA6C;AAE7C,8CAAwD;AACxD,2CAAwC;AACxC,wDAAsD;AACtD,kCAAqC;AACrC,wDAAoD;AAEpD,gDAAgD;AAEhD,8DAAmD;AACnD,+BAA6B;AAS7B;IAkBE,sBACU,OAA0B,EAC1B,OAAe,EAChB,OAAoB,EACnB,kBAAqC;QAHrC,YAAO,GAAP,OAAO,CAAmB;QAC1B,YAAO,GAAP,OAAO,CAAQ;QAChB,YAAO,GAAP,OAAO,CAAa;QACnB,uBAAkB,GAAlB,kBAAkB,CAAmB;QAVzC,qBAAgB,GAAY,KAAK,CAAC;QAClC,iBAAY,GAAY,KAAK,CAAC;QAYlC,IAAM,UAAU,GAAG,EAAyB,CAAC;QAE7C,IAAI,CAAC,OAAO,CAAC,cAAc,CAAC,eAAO,EAAE,uBAAY,EAAE,UAAU,EAAE,iBAAS,CAAC,CAAC;IAE5E,CAAC;IAED,+BAAQ,GAAR;QAAA,iBAmBC;QAjBG,IAAI,CAAC,iBAAiB,GAAG,IAAI,CAAC,OAAO,CAAC,MAAM,CAAC,SAAS,CAAE;YACpD,KAAI,CAAC,aAAa,GAAG,CAAC,KAAI,CAAC,OAAO,CAAC,GAAG,CAAC,OAAO,CAAC,OAAO,CAAC,GAAG,CAAE,CAAC,CAAC,CAAC,CAAC,CAAC,IAAI,CAAC,CAAC,CAAC,KAAK,CAAC;YAC9E,KAAI,CAAC,eAAe,GAAG,CAAC,KAAI,CAAC,OAAO,CAAC,GAAG,KAAK,GAAG,CAAE,CAAC,CAAC,CAAC,KAAK,CAAC,CAAC,CAAC,IAAI,CAAC;QACtE,CAAC,CAAC,CAAC;QAEH,IAAI,CAAC,yBAAyB,GAAG,IAAI,CAAC,aAAa,CAAC,SAAS,CAAE,UAAA,QAAQ,IAAI,OAAA,KAAI,CAAC,gBAAgB,GAAG,CAAC,CAAC,QAAQ,EAAlC,CAAkC,CAAC,CAAC;QAE/G,IAAI,CAAC,oBAAoB,GAAG,IAAI,CAAC,MAAM,CAAC,SAAS,CAAE,UAAA,QAAQ;YACzD,KAAI,CAAC,YAAY,GAAG,QAAQ,CAAA;YAC5B,KAAI,CAAC,kBAAkB,CAAC,aAAa,EAAE,CAAC;QAC1C,CAAC,CAAC,CAAC;QAEH,IAAI,CAAC,0BAA0B,GAAG,IAAI,CAAC,SAAS,CAAC,SAAS,CAAE,UAAA,QAAQ;YAClE,KAAI,CAAC,aAAa,GAAG,QAAQ,CAAA;YAC7B,KAAI,CAAC,kBAAkB,CAAC,aAAa,EAAE,CAAC;QAC1C,CAAC,CAAC,CAAC;IAEP,CAAC;IAhDuC;QAAvC,cAAM,CAAC,CAAC,iBAAiB,EAAE,SAAS,CAAC,CAAC;kCAAY,uBAAU;mDAAM;IACvB;QAA3C,cAAM,CAAC,CAAC,iBAAiB,EAAE,aAAa,CAAC,CAAC;kCAAgB,uBAAU;uDAAM;IACrC;QAArC,cAAM,CAAC,CAAC,iBAAiB,EAAE,OAAO,CAAC,CAAC;kCAAS,uBAAU;gDAAM;IAJnD,YAAY;QAPxB,gBAAS,CAAC;YACT,QAAQ,EAAE,KAAK;YACf,6CAA6C;YAC7C,QAAQ,EAAE,OAAO,CAAC,sBAAsB,CAAC;YACzC,UAAU,EAAE,CAAC,yBAAM,EAAE,CAAC;SACvB,CAAC;yCAqBmB,eAAO;YACP,eAAM;YACP,0BAAW;YACC,wBAAiB;OAtBpC,YAAY,CAoDxB;IAAD,mBAAC;CAAA,AApDD,IAoDC;AApDY,oCAAY"},"_coverageSchema":"332fd63041d2c1bcb487cc26dd0d5f7d97098a6c","hash":"ae844d08ebf0a3652fa778859bcc39ff2c32c41f","l":{"2":1,"3":1,"4":1,"5":1,"6":1,"7":1,"8":1,"9":1,"10":1,"12":1,"13":1,"14":1,"16":0,"17":0,"18":0,"19":0,"20":0,"21":0,"22":0,"23":0,"25":1,"26":0,"27":0,"28":0,"29":0,"31":0,"32":0,"33":0,"34":0,"36":0,"37":0,"38":0,"41":1,"45":1,"49":1,"53":1,"65":1,"67":1}},
"/Users/ikivik/Desktop/pro/angular2_wp/src/reducers/index.ts":{"path":"/Users/ikivik/Desktop/pro/angular2_wp/src/reducers/index.ts","statementMap":{"0":{"start":{"line":2,"column":0},"end":{"line":2,"column":62}},"1":{"start":{"line":3,"column":12},"end":{"line":3,"column":28}},"2":{"start":{"line":4,"column":22},"end":{"line":4,"column":43}},"3":{"start":{"line":5,"column":21},"end":{"line":5,"column":46}},"4":{"start":{"line":6,"column":18},"end":{"line":8,"column":2}},"5":{"start":{"line":9,"column":0},"end":{"line":9,"column":30}}},"fnMap":{},"branchMap":{},"s":{"0":1,"1":1,"2":1,"3":1,"4":1,"5":1},"f":{},"b":{},"inputSourceMap":{"version":3,"file":"index.js","sourceRoot":"","sources":["index.ts"],"names":[],"mappings":";;AAAA,6BAA+B;AACvB,IAAA,uCAAe,CAAW;AAElC,+CAAkC;AAGlC,IAAM,WAAW,GAAG,eAAe,CAAW;IAC5C,eAAe,EAAE,sBAAI;CACtB,CAAC,CAAC;AAEH,kBAAe,WAAW,CAAC"},"_coverageSchema":"332fd63041d2c1bcb487cc26dd0d5f7d97098a6c","hash":"30f365a9bcc33bc851485150beeb1427ed738ee9","l":{"2":1,"3":1,"4":1,"5":1,"6":1,"9":1}},
"/Users/ikivik/Desktop/pro/angular2_wp/src/reducers/data.reducer.ts":{"path":"/Users/ikivik/Desktop/pro/angular2_wp/src/reducers/data.reducer.ts","statementMap":{"0":{"start":{"line":2,"column":0},"end":{"line":2,"column":62}},"1":{"start":{"line":3,"column":21},"end":{"line":3,"column":55}},"2":{"start":{"line":4,"column":22},"end":{"line":4,"column":55}},"3":{"start":{"line":5,"column":0},"end":{"line":27,"column":2}},"4":{"start":{"line":6,"column":4},"end":{"line":6,"column":62}},"5":{"start":{"line":6,"column":28},"end":{"line":6,"column":60}},"6":{"start":{"line":7,"column":4},"end":{"line":26,"column":5}},"7":{"start":{"line":9,"column":27},"end":{"line":9,"column":42}},"8":{"start":{"line":9,"column":58},"end":{"line":9,"column":81}},"9":{"start":{"line":10,"column":12},"end":{"line":10,"column":74}},"10":{"start":{"line":11,"column":12},"end":{"line":11,"column":66}},"11":{"start":{"line":13,"column":29},"end":{"line":13,"column":52}},"12":{"start":{"line":14,"column":12},"end":{"line":14,"column":69}},"13":{"start":{"line":15,"column":12},"end":{"line":15,"column":65}},"14":{"start":{"line":17,"column":33},"end":{"line":17,"column":56}},"15":{"start":{"line":18,"column":12},"end":{"line":18,"column":69}},"16":{"start":{"line":19,"column":12},"end":{"line":19,"column":69}},"17":{"start":{"line":21,"column":30},"end":{"line":21,"column":53}},"18":{"start":{"line":22,"column":12},"end":{"line":22,"column":60}},"19":{"start":{"line":23,"column":12},"end":{"line":23,"column":66}},"20":{"start":{"line":25,"column":12},"end":{"line":25,"column":25}}},"fnMap":{"0":{"name":"(anonymous_0)","decl":{"start":{"line":5,"column":18},"end":{"line":5,"column":19}},"loc":{"start":{"line":5,"column":43},"end":{"line":27,"column":1}},"line":5}},"branchMap":{"0":{"loc":{"start":{"line":6,"column":4},"end":{"line":6,"column":62}},"type":"if","locations":[{"start":{"line":6,"column":4},"end":{"line":6,"column":62}},{"start":{"line":6,"column":4},"end":{"line":6,"column":62}}],"line":6},"1":{"loc":{"start":{"line":7,"column":4},"end":{"line":26,"column":5}},"type":"switch","locations":[{"start":{"line":8,"column":8},"end":{"line":11,"column":66}},{"start":{"line":12,"column":8},"end":{"line":15,"column":65}},{"start":{"line":16,"column":8},"end":{"line":19,"column":69}},{"start":{"line":20,"column":8},"end":{"line":23,"column":66}},{"start":{"line":24,"column":8},"end":{"line":25,"column":25}}],"line":7}},"s":{"0":1,"1":1,"2":1,"3":1,"4":2,"5":2,"6":2,"7":0,"8":0,"9":0,"10":0,"11":0,"12":0,"13":0,"14":0,"15":0,"16":0,"17":0,"18":0,"19":0,"20":2},"f":{"0":2},"b":{"0":[2,0],"1":[0,0,0,0,2]},"inputSourceMap":{"version":3,"file":"data.reducer.js","sourceRoot":"","sources":["data.reducer.ts"],"names":[],"mappings":";;AAAA,wDAAsD;AACtD,wDAAmD;AAInD,kBAAe,UAAC,KAA6B,EAAE,MAAW;IAA1C,sBAAA,EAAA,QAAkB,uBAAW;IAC3C,MAAM,CAAC,CAAC,MAAM,CAAC,IAAI,CAAC,CAAC,CAAC;QACpB,KAAK,0BAAW,CAAC,WAAW;YAE5B,IAAM,QAAQ,GAAG,MAAM,CAAC,QAAQ,EAC5B,WAAW,GAAG,uBAAW,CAAC;YAE1B,WAAW,CAAC,eAAe,CAAC,SAAS,CAAC,QAAQ,CAAC,GAAG,MAAM,CAAC,IAAI,CAAC;YAElE,MAAM,CAAO,MAAO,CAAC,MAAM,CAAC,EAAE,EAAE,WAAW,CAAC,eAAe,CAAC,CAAC;QAE7D,KAAK,0BAAW,CAAC,WAAW;YAE5B,IAAM,UAAU,GAAG,uBAAW,CAAC;YAC3B,UAAU,CAAC,eAAe,CAAC,OAAO,GAAO,MAAM,CAAC,IAAI,QAAC,CAAC;YAE1D,MAAM,CAAO,MAAO,CAAC,MAAM,CAAC,EAAE,EAAE,UAAU,CAAC,eAAe,CAAC,CAAC;QAE5D,KAAK,0BAAW,CAAC,YAAY;YAE7B,IAAM,cAAc,GAAG,uBAAW,CAAC;YAC/B,cAAc,CAAC,eAAe,CAAC,WAAW,GAAG,MAAM,CAAC,IAAI,CAAC;YAE7D,MAAM,CAAO,MAAO,CAAC,MAAM,CAAC,EAAE,EAAE,cAAc,CAAC,eAAe,CAAC,CAAC;QAEhE,KAAK,0BAAW,CAAC,MAAM;YAEvB,IAAM,WAAW,GAAG,uBAAW,CAAC;YAC5B,WAAW,CAAC,eAAe,CAAC,KAAK,GAAG,MAAM,CAAC,IAAI,CAAC;YAEpD,MAAM,CAAO,MAAO,CAAC,MAAM,CAAC,EAAE,EAAE,WAAW,CAAC,eAAe,CAAC,CAAC;QAE7D;YACE,MAAM,CAAC,KAAK,CAAC;IACjB,CAAC;AACH,CAAC,CAAA"},"_coverageSchema":"332fd63041d2c1bcb487cc26dd0d5f7d97098a6c","hash":"523eb4954e31d535e4bffff80d5eddaf37e4c485","l":{"2":1,"3":1,"4":1,"5":1,"6":2,"7":2,"9":0,"10":0,"11":0,"13":0,"14":0,"15":0,"17":0,"18":0,"19":0,"21":0,"22":0,"23":0,"25":2}},
"/Users/ikivik/Desktop/pro/angular2_wp/src/actions/data-actions.ts":{"path":"/Users/ikivik/Desktop/pro/angular2_wp/src/actions/data-actions.ts","statementMap":{"0":{"start":{"line":2,"column":0},"end":{"line":2,"column":62}},"1":{"start":{"line":3,"column":13},"end":{"line":3,"column":37}},"2":{"start":{"line":4,"column":14},"end":{"line":4,"column":45}},"3":{"start":{"line":5,"column":33},"end":{"line":32,"column":3}},"4":{"start":{"line":7,"column":8},"end":{"line":7,"column":33}},"5":{"start":{"line":9,"column":4},"end":{"line":9,"column":32}},"6":{"start":{"line":10,"column":4},"end":{"line":12,"column":6}},"7":{"start":{"line":11,"column":8},"end":{"line":11,"column":95}},"8":{"start":{"line":13,"column":4},"end":{"line":15,"column":6}},"9":{"start":{"line":14,"column":8},"end":{"line":14,"column":80}},"10":{"start":{"line":16,"column":4},"end":{"line":18,"column":6}},"11":{"start":{"line":17,"column":8},"end":{"line":17,"column":81}},"12":{"start":{"line":19,"column":4},"end":{"line":21,"column":6}},"13":{"start":{"line":20,"column":8},"end":{"line":20,"column":75}},"14":{"start":{"line":22,"column":4},"end":{"line":22,"column":44}},"15":{"start":{"line":23,"column":4},"end":{"line":23,"column":44}},"16":{"start":{"line":24,"column":4},"end":{"line":24,"column":46}},"17":{"start":{"line":25,"column":4},"end":{"line":25,"column":34}},"18":{"start":{"line":26,"column":4},"end":{"line":29,"column":20}},"19":{"start":{"line":30,"column":4},"end":{"line":30,"column":23}},"20":{"start":{"line":33,"column":0},"end":{"line":33,"column":34}}},"fnMap":{"0":{"name":"(anonymous_0)","decl":{"start":{"line":5,"column":33},"end":{"line":5,"column":34}},"loc":{"start":{"line":5,"column":45},"end":{"line":32,"column":1}},"line":5},"1":{"name":"DataActions","decl":{"start":{"line":6,"column":13},"end":{"line":6,"column":24}},"loc":{"start":{"line":6,"column":35},"end":{"line":8,"column":5}},"line":6},"2":{"name":"(anonymous_2)","decl":{"start":{"line":10,"column":39},"end":{"line":10,"column":40}},"loc":{"start":{"line":10,"column":60},"end":{"line":12,"column":5}},"line":10},"3":{"name":"(anonymous_3)","decl":{"start":{"line":13,"column":39},"end":{"line":13,"column":40}},"loc":{"start":{"line":13,"column":55},"end":{"line":15,"column":5}},"line":13},"4":{"name":"(anonymous_4)","decl":{"start":{"line":16,"column":40},"end":{"line":16,"column":41}},"loc":{"start":{"line":16,"column":56},"end":{"line":18,"column":5}},"line":16},"5":{"name":"(anonymous_5)","decl":{"start":{"line":19,"column":34},"end":{"line":19,"column":35}},"loc":{"start":{"line":19,"column":50},"end":{"line":21,"column":5}},"line":19}},"branchMap":{},"s":{"0":1,"1":1,"2":1,"3":1,"4":0,"5":1,"6":1,"7":0,"8":1,"9":0,"10":1,"11":0,"12":1,"13":0,"14":1,"15":1,"16":1,"17":1,"18":1,"19":1,"20":1},"f":{"0":1,"1":0,"2":0,"3":0,"4":0,"5":0},"b":{},"inputSourceMap":{"version":3,"file":"data-actions.js","sourceRoot":"","sources":["data-actions.ts"],"names":[],"mappings":";;AAAA,sCAA2C;AAC3C,8CAA+C;AAI/C;IACE,qBAAqB,QAA2B;QAA3B,aAAQ,GAAR,QAAQ,CAAmB;IAAG,CAAC;oBADzC,WAAW;IAStB,gCAAU,GAAV,UAAW,IAAI,EAAE,GAAG;QAClB,IAAI,CAAC,QAAQ,CAAC,QAAQ,CAAC,EAAE,IAAI,EAAE,aAAW,CAAC,WAAW,EAAE,IAAI,MAAA,EAAE,QAAQ,EAAE,GAAG,EAAE,CAAC,CAAC;IACjF,CAAC;IAED,gCAAU,GAAV,UAAW,IAAI;QACb,IAAI,CAAC,QAAQ,CAAC,QAAQ,CAAC,EAAE,IAAI,EAAE,aAAW,CAAC,WAAW,EAAE,IAAI,MAAA,EAAE,CAAC,CAAC;IAClE,CAAC;IAED,iCAAW,GAAX,UAAY,IAAI;QACd,IAAI,CAAC,QAAQ,CAAC,QAAQ,CAAC,EAAE,IAAI,EAAE,aAAW,CAAC,YAAY,EAAE,IAAI,MAAA,EAAE,CAAC,CAAC;IACnE,CAAC;IAED,2BAAK,GAAL,UAAM,IAAI;QACR,IAAI,CAAC,QAAQ,CAAC,QAAQ,CAAC,EAAE,IAAI,EAAE,aAAW,CAAC,MAAM,EAAE,IAAI,MAAA,EAAE,CAAC,CAAC;IAC7D,CAAC;IApBM,uBAAW,GAAW,aAAa,CAAC;IACpC,uBAAW,GAAW,aAAa,CAAC;IACpC,wBAAY,GAAW,cAAc,CAAC;IACtC,kBAAM,GAAW,QAAQ,CAAC;IANtB,WAAW;QADvB,iBAAU,EAAE;yCAEoB,eAAO;OAD3B,WAAW,CAyBvB;IAAD,kBAAC;;CAAA,AAzBD,IAyBC;AAzBY,kCAAW"},"_coverageSchema":"332fd63041d2c1bcb487cc26dd0d5f7d97098a6c","hash":"124fdac684135eb917769c91b20c8781da795aab","l":{"2":1,"3":1,"4":1,"5":1,"7":0,"9":1,"10":1,"11":0,"13":1,"14":0,"16":1,"17":0,"19":1,"20":0,"22":1,"23":1,"24":1,"25":1,"26":1,"30":1,"33":1}},
"/Users/ikivik/Desktop/pro/angular2_wp/src/store/initial.state.ts":{"path":"/Users/ikivik/Desktop/pro/angular2_wp/src/store/initial.state.ts","statementMap":{"0":{"start":{"line":2,"column":0},"end":{"line":2,"column":62}},"1":{"start":{"line":3,"column":18},"end":{"line":18,"column":1}},"2":{"start":{"line":19,"column":0},"end":{"line":19,"column":30}}},"fnMap":{},"branchMap":{},"s":{"0":1,"1":1,"2":1},"f":{},"b":{},"inputSourceMap":{"version":3,"file":"initial.state.js","sourceRoot":"","sources":["initial.state.ts"],"names":[],"mappings":";;AAAA,IAAM,WAAW,GAAG;IACjB,eAAe,EAAE;QACZ,OAAO,EAAE,EAAE;QACX,SAAS,EAAE;YACP,IAAI,EAAE,EAAE;YACR,MAAM,EAAE,EAAE;YACV,IAAI,EAAE,EAAE;YACR,WAAW,EAAE,EAAE;YACf,KAAK,EAAE,EAAE;YACT,KAAK,EAAE,EAAE;YACT,OAAO,EAAE,EAAE;SACd;QACD,WAAW,EAAE,KAAK;QAClB,KAAK,EAAE,KAAK;KAChB;CACH,CAAA;AAED,kBAAe,WAAW,CAAC"},"_coverageSchema":"332fd63041d2c1bcb487cc26dd0d5f7d97098a6c","hash":"12e1e78d8e12bfcbedb1bef20ef6a9e04ea65152","l":{"2":1,"3":1,"19":1}},
"/Users/ikivik/Desktop/pro/angular2_wp/src/store/index.ts":{"path":"/Users/ikivik/Desktop/pro/angular2_wp/src/store/index.ts","statementMap":{"0":{"start":{"line":2,"column":0},"end":{"line":2,"column":62}},"1":{"start":{"line":3,"column":19},"end":{"line":3,"column":50}},"2":{"start":{"line":4,"column":0},"end":{"line":6,"column":2}},"3":{"start":{"line":7,"column":0},"end":{"line":9,"column":1}},"4":{"start":{"line":8,"column":4},"end":{"line":8,"column":55}}},"fnMap":{},"branchMap":{"0":{"loc":{"start":{"line":7,"column":0},"end":{"line":9,"column":1}},"type":"if","locations":[{"start":{"line":7,"column":0},"end":{"line":9,"column":1}},{"start":{"line":7,"column":0},"end":{"line":9,"column":1}}],"line":7}},"s":{"0":1,"1":1,"2":1,"3":1,"4":0},"f":{},"b":{"0":[0,1]},"inputSourceMap":{"version":3,"file":"index.js","sourceRoot":"","sources":["index.ts"],"names":[],"mappings":";;AAAA,IAAM,YAAY,GAAG,OAAO,CAAC,sBAAsB,CAAC,CAAC;AAExC,QAAA,SAAS,GAAG;IACvB,YAAY,CAAC,iBAAiB,EAAE,EAAE,GAAG,EAAE,qBAAqB,EAAE,CAAC;CAC9D,CAAC;AAEJ,EAAE,CAAC,CAAC,MAAM,CAAC,iBAAiB,CAAC,CAAC,CAAC;IAC7B,iBAAS,CAAC,IAAI,CAAC,MAAM,CAAC,iBAAiB,EAAE,CAAC,CAAC;AAC7C,CAAC"},"_coverageSchema":"332fd63041d2c1bcb487cc26dd0d5f7d97098a6c","hash":"9bb3eccec342060f1ec6fd30a41334c50b333a82","l":{"2":1,"3":1,"4":1,"7":1,"8":0}},
"/Users/ikivik/Desktop/pro/angular2_wp/src/app/shared/fadeIn.animation.ts":{"path":"/Users/ikivik/Desktop/pro/angular2_wp/src/app/shared/fadeIn.animation.ts","statementMap":{"0":{"start":{"line":2,"column":0},"end":{"line":2,"column":62}},"1":{"start":{"line":3,"column":19},"end":{"line":3,"column":49}},"2":{"start":{"line":5,"column":4},"end":{"line":15,"column":7}},"3":{"start":{"line":17,"column":0},"end":{"line":17,"column":24}}},"fnMap":{"0":{"name":"fadeIn","decl":{"start":{"line":4,"column":9},"end":{"line":4,"column":15}},"loc":{"start":{"line":4,"column":18},"end":{"line":16,"column":1}},"line":4}},"branchMap":{},"s":{"0":1,"1":1,"2":1,"3":1},"f":{"0":1},"b":{},"inputSourceMap":{"version":3,"file":"fadeIn.animation.js","sourceRoot":"","sources":["fadeIn.animation.ts"],"names":[],"mappings":";;AAAA,kDAAiF;AAEjF;IACE,MAAM,CAAC,oBAAO,CAAC,WAAW,EAAE;QACd,kBAAK,CAAC,GAAG,EACL,kBAAK,CAAC;YACN,OAAO,EAAE,CAAC;SACT,CAAC,CACL;QACD,uBAAU,CAAC,WAAW,EAAE;YACpB,kBAAK,CAAC;gBACN,OAAO,EAAE,CAAC;aACT,CAAC;YACF,oBAAO,CAAC,aAAa,CAAC;SACzB,CAAC;KACL,CAAC,CAAC;AACf,CAAC;AAdD,wBAcC"},"_coverageSchema":"332fd63041d2c1bcb487cc26dd0d5f7d97098a6c","hash":"916cd5a377a4b7f8e9bc546ea23669c636ec63ed","l":{"2":1,"3":1,"5":1,"17":1}}}
